2024-02-11T10:50:32.495Z
cwd: ~/work/defra/identity
package: govuk-prototype-kit@13.16.0
argv: /opt/homebrew/Cellar/node/21.1.0/bin/node ~/.npm/_npx/751a68202a4807b7/node_modules/.bin/govuk-prototype-kit migrate
Started [Check migration is being applied to a pre v13 prototype]
Succeeded [Check migration is being applied to a pre v13 prototype]
2024-02-11T10:50:38.878Z
cwd: ~/work/defra/identity
package: govuk-prototype-kit@13.16.0
argv: /opt/homebrew/Cellar/node/21.1.0/bin/node ~/work/defra/identity/node_modules/.bin/govuk-prototype-kit migrate -- ~/work/defra/identity
Started [Migrate config.js to config.json]
Started [Update application SCSS file]
Started [Deleted files that are no longer needed]
Started [Deleted directories that are no longer needed]
Started [Delete listen-on-port.js]
Started [Delete server.js]
Started [Delete start.js]
Started [Delete VERSION.txt]
Started [Delete Procfile]
Started [Remove unused directory docs]
Started [Remove unused directory lib]
Started [Remove unused directory gulp]
Started [Delete gulpfile.js]
Started [Remove unused directory public]
Succeeded [Migrate config.js to config.json]
Succeeded [Delete listen-on-port.js]
Succeeded [Delete server.js]
Succeeded [Delete Procfile]
Succeeded [Delete VERSION.txt]
Succeeded [Delete gulpfile.js]
Succeeded [Delete start.js]
Succeeded [Deleted files that are no longer needed]
Found [// Add your routes here - above the module.exports line] in [app/routes.js], replacing
Started [Overwrite app/assets/javascripts/application.js]
Found [// Add extra styles here, or re-organise the Sass files in whichever way makes most sense to you] in [app/assets/sass/application.scss], replacing
Started [Overwrite app/views/layout.html]
Started [Overwrite app/filters.js]
Started [Delete app/assets/images/separator-2x.png]
Started [Delete app/assets/images/separator.png]
Keeping these lines from old file
Started [Delete app/assets/images/unbranded.ico]
Started [Delete app/assets/javascripts/auto-store-data.js]
Started [Delete app/assets/sass/unbranded.scss]
Started [Delete app/views/includes/cookie-banner.html]
Started [Delete app/assets/javascripts/jquery-1.11.3.js]
Started [Delete app/views/layout_unbranded.html]
Started [Delete app/views/includes/scripts.html]
Started [Delete app/views/includes/head.html]
Started [Delete app/assets/sass/patterns/_check-your-answers.scss]
Started [Delete app/assets/sass/patterns/_related-items.scss]
Started [Delete app/assets/sass/patterns/_step-by-step-related.scss]
Started [Delete app/assets/sass/patterns/_step-by-step-header.scss]
Started [Delete app/assets/sass/patterns/_step-by-step-nav.scss]
Started [Update app/assets/javascripts/application.js]
Started [Delete app/assets/sass/patterns/_task-list.scss]
Succeeded [Remove unused directory gulp]
Keeping these lines from old file
Failed [Overwrite app/views/layout.html]
Started [Update app/filters.js]
Failed [Delete app/views/includes/scripts.html]
Failed [Delete app/views/includes/head.html]
Succeeded [Delete app/assets/images/separator-2x.png]
Succeeded [Delete app/assets/images/separator.png]
Succeeded [Delete app/assets/sass/unbranded.scss]
Succeeded [Delete app/assets/javascripts/jquery-1.11.3.js]
Succeeded [Delete app/views/layout_unbranded.html]
Succeeded [Delete app/assets/sass/patterns/_related-items.scss]
Succeeded [Delete app/assets/sass/patterns/_step-by-step-related.scss]
Succeeded [Delete app/assets/sass/patterns/_check-your-answers.scss]
Succeeded [Delete app/assets/javascripts/auto-store-data.js]
Succeeded [Delete app/assets/sass/patterns/_step-by-step-header.scss]
Succeeded [Delete app/assets/sass/patterns/_step-by-step-nav.scss]
Succeeded [Delete app/views/includes/cookie-banner.html]
Succeeded [Delete app/assets/sass/patterns/_task-list.scss]
Succeeded [Update application SCSS file]
Succeeded [Delete app/assets/images/unbranded.ico]
//,// For guidance on how to create routes see:,// https://prototype-kit.service.gov.uk/docs/create-routes,//,,const govukPrototypeKit = require('govuk-prototype-kit'),const router = govukPrototypeKit.requests.setupRouter(),,// Add your routes here,,,,module.exports = router,
Found [module.exports = router;,module.exports = router] in [app/routes.js], removing
Succeeded [Update app/assets/javascripts/application.js]
Succeeded [Remove unused directory public]
Succeeded [Remove unused directory lib]
Succeeded [Overwrite app/assets/javascripts/application.js]
Succeeded [Update routes file]
Succeeded [Remove unused directory docs]
Succeeded [Update app/filters.js]
Succeeded [Deleted directories that are no longer needed]
Succeeded [Overwrite app/filters.js]
ENOENT: no such file or directory, stat '/Users/etheya/work/defra/identity/app/views/layout_unbranded.html'
Error: ENOENT: no such file or directory, stat '/Users/etheya/work/defra/identity/app/views/layout_unbranded.html'
